#-----------------------------------------------------------
# Vivado v2018.2 (64-bit)
# SW Build 2258646 on Thu Jun 14 20:03:12 MDT 2018
# IP Build 2256618 on Thu Jun 14 22:10:49 MDT 2018
# Start of session at: Wed Oct 26 21:01:32 2022
# Process ID: 16092
# Current directory: F:/Vivado designs/JK_FlipFlop_Sampad
# Command line: vivado.exe -gui_launcher_event rodinguilauncherevent1684 F:\Vivado designs\JK_FlipFlop_Sampad\JK_FlipFlop_Sampad.xpr
# Log file: F:/Vivado designs/JK_FlipFlop_Sampad/vivado.log
# Journal file: F:/Vivado designs/JK_FlipFlop_Sampad\vivado.jou
#-----------------------------------------------------------
start_gui
open_project {F:/Vivado designs/JK_FlipFlop_Sampad/JK_FlipFlop_Sampad.xpr}
Scanning sources...
Finished scanning sources
INFO: [IP_Flow 19-234] Refreshing IP repositories
INFO: [IP_Flow 19-1704] No user IP repositories specified
INFO: [IP_Flow 19-2313] Loaded Vivado IP repository 'C:/Xilinx/Vivado/2018.2/data/ip'.
open_project: Time (s): cpu = 00:00:10 ; elapsed = 00:00:10 . Memory (MB): peak = 886.320 ; gain = 137.102
update_compile_order -fileset sources_1
exit
INFO: [Common 17-206] Exiting Vivado at Wed Oct 26 21:08:42 2022...
