#-----------------------------------------------------------
# Vivado v2018.2 (64-bit)
# SW Build 2258646 on Thu Jun 14 20:03:12 MDT 2018
# IP Build 2256618 on Thu Jun 14 22:10:49 MDT 2018
# Start of session at: Mon Oct 10 17:48:06 2022
# Process ID: 2292
# Current directory: F:/Vivado designs/Half_Adder_Sampad
# Command line: vivado.exe -gui_launcher_event rodinguilauncherevent15184 F:\Vivado designs\Half_Adder_Sampad\Half_Adder_Sampad.xpr
# Log file: F:/Vivado designs/Half_Adder_Sampad/vivado.log
# Journal file: F:/Vivado designs/Half_Adder_Sampad\vivado.jou
#-----------------------------------------------------------
start_gui
open_project {F:/Vivado designs/Half_Adder_Sampad/Half_Adder_Sampad.xpr}
Scanning sources...
Finished scanning sources
INFO: [IP_Flow 19-234] Refreshing IP repositories
INFO: [IP_Flow 19-1704] No user IP repositories specified
INFO: [IP_Flow 19-2313] Loaded Vivado IP repository 'C:/Xilinx/Vivado/2018.2/data/ip'.
open_project: Time (s): cpu = 00:00:06 ; elapsed = 00:00:08 . Memory (MB): peak = 865.289 ; gain = 130.293
update_compile_order -fileset sources_1
exit
INFO: [Common 17-206] Exiting Vivado at Mon Oct 10 17:59:25 2022...
