#-----------------------------------------------------------
# Vivado v2018.2 (64-bit)
# SW Build 2258646 on Thu Jun 14 20:03:12 MDT 2018
# IP Build 2256618 on Thu Jun 14 22:10:49 MDT 2018
# Start of session at: Thu Oct 20 10:18:58 2022
# Process ID: 5584
# Current directory: F:/Vivado designs/comparator_3bit_sampad
# Command line: vivado.exe -gui_launcher_event rodinguilauncherevent16504 F:\Vivado designs\comparator_3bit_sampad\comparator_3bit_sampad.xpr
# Log file: F:/Vivado designs/comparator_3bit_sampad/vivado.log
# Journal file: F:/Vivado designs/comparator_3bit_sampad\vivado.jou
#-----------------------------------------------------------
start_gui
open_project {F:/Vivado designs/comparator_3bit_sampad/comparator_3bit_sampad.xpr}
Scanning sources...
Finished scanning sources
INFO: [IP_Flow 19-234] Refreshing IP repositories
INFO: [IP_Flow 19-1704] No user IP repositories specified
INFO: [IP_Flow 19-2313] Loaded Vivado IP repository 'C:/Xilinx/Vivado/2018.2/data/ip'.
open_project: Time (s): cpu = 00:00:12 ; elapsed = 00:00:10 . Memory (MB): peak = 861.758 ; gain = 135.016
update_compile_order -fileset sources_1
exit
INFO: [Common 17-206] Exiting Vivado at Thu Oct 20 10:31:45 2022...
