#-----------------------------------------------------------
# Vivado v2018.2 (64-bit)
# SW Build 2258646 on Thu Jun 14 20:03:12 MDT 2018
# IP Build 2256618 on Thu Jun 14 22:10:49 MDT 2018
# Start of session at: Thu Oct 20 10:20:16 2022
# Process ID: 18036
# Current directory: F:/Vivado designs/parity_generator_sampad
# Command line: vivado.exe -gui_launcher_event rodinguilauncherevent17468 F:\Vivado designs\parity_generator_sampad\parity_generator_sampad.xpr
# Log file: F:/Vivado designs/parity_generator_sampad/vivado.log
# Journal file: F:/Vivado designs/parity_generator_sampad\vivado.jou
#-----------------------------------------------------------
start_gui
open_project {F:/Vivado designs/parity_generator_sampad/parity_generator_sampad.xpr}
Scanning sources...
Finished scanning sources
INFO: [IP_Flow 19-234] Refreshing IP repositories
INFO: [IP_Flow 19-1704] No user IP repositories specified
INFO: [IP_Flow 19-2313] Loaded Vivado IP repository 'C:/Xilinx/Vivado/2018.2/data/ip'.
open_project: Time (s): cpu = 00:00:09 ; elapsed = 00:00:09 . Memory (MB): peak = 852.078 ; gain = 118.121
update_compile_order -fileset sources_1
exit
INFO: [Common 17-206] Exiting Vivado at Thu Oct 20 10:24:45 2022...
