#-----------------------------------------------------------
# Vivado v2018.2 (64-bit)
# SW Build 2258646 on Thu Jun 14 20:03:12 MDT 2018
# IP Build 2256618 on Thu Jun 14 22:10:49 MDT 2018
# Start of session at: Fri Aug 30 09:29:07 2024
# Process ID: 15464
# Current directory: E:/MyWorkspace/Verilog-Learning-Projects/mod_10_counter_FSM
# Command line: vivado.exe -gui_launcher_event rodinguilauncherevent156 E:\MyWorkspace\Verilog-Learning-Projects\mod_10_counter_FSM\mod_10_counter_FSM.xpr
# Log file: E:/MyWorkspace/Verilog-Learning-Projects/mod_10_counter_FSM/vivado.log
# Journal file: E:/MyWorkspace/Verilog-Learning-Projects/mod_10_counter_FSM\vivado.jou
#-----------------------------------------------------------
start_gui
open_project E:/MyWorkspace/Verilog-Learning-Projects/mod_10_counter_FSM/mod_10_counter_FSM.xpr
INFO: [Project 1-313] Project file moved from 'F:/Vivado designs/mod_10_counter_FSM' since last save.
Scanning sources...
Finished scanning sources
INFO: [IP_Flow 19-234] Refreshing IP repositories
INFO: [IP_Flow 19-1704] No user IP repositories specified
INFO: [IP_Flow 19-2313] Loaded Vivado IP repository 'C:/Xilinx/Vivado/2018.2/data/ip'.
open_project: Time (s): cpu = 00:00:05 ; elapsed = 00:00:07 . Memory (MB): peak = 839.867 ; gain = 120.270
update_compile_order -fileset sources_1
exit
INFO: [Common 17-206] Exiting Vivado at Fri Aug 30 09:30:19 2024...
