#-----------------------------------------------------------
# Vivado v2018.2 (64-bit)
# SW Build 2258646 on Thu Jun 14 20:03:12 MDT 2018
# IP Build 2256618 on Thu Jun 14 22:10:49 MDT 2018
# Start of session at: Thu Oct 20 10:19:14 2022
# Process ID: 11792
# Current directory: F:/Vivado designs/fa_ha
# Command line: vivado.exe -gui_launcher_event rodinguilauncherevent17752 F:\Vivado designs\fa_ha\fa_ha.xpr
# Log file: F:/Vivado designs/fa_ha/vivado.log
# Journal file: F:/Vivado designs/fa_ha\vivado.jou
#-----------------------------------------------------------
start_gui
open_project {F:/Vivado designs/fa_ha/fa_ha.xpr}
Scanning sources...
Finished scanning sources
INFO: [IP_Flow 19-234] Refreshing IP repositories
INFO: [IP_Flow 19-1704] No user IP repositories specified
INFO: [IP_Flow 19-2313] Loaded Vivado IP repository 'C:/Xilinx/Vivado/2018.2/data/ip'.
open_project: Time (s): cpu = 00:00:18 ; elapsed = 00:00:18 . Memory (MB): peak = 873.609 ; gain = 141.602
update_compile_order -fileset sources_1
exit
INFO: [Common 17-206] Exiting Vivado at Thu Oct 20 10:29:36 2022...
