#-----------------------------------------------------------
# Vivado v2018.2 (64-bit)
# SW Build 2258646 on Thu Jun 14 20:03:12 MDT 2018
# IP Build 2256618 on Thu Jun 14 22:10:49 MDT 2018
# Start of session at: Fri Nov  4 09:30:22 2022
# Process ID: 544
# Current directory: F:/Vivado designs/seq_det_mealy
# Command line: vivado.exe -gui_launcher_event rodinguilauncherevent5640 F:\Vivado designs\seq_det_mealy\seq_det_mealy.xpr
# Log file: F:/Vivado designs/seq_det_mealy/vivado.log
# Journal file: F:/Vivado designs/seq_det_mealy\vivado.jou
#-----------------------------------------------------------
start_gui
open_project {F:/Vivado designs/seq_det_mealy/seq_det_mealy.xpr}
Scanning sources...
Finished scanning sources
INFO: [IP_Flow 19-234] Refreshing IP repositories
INFO: [IP_Flow 19-1704] No user IP repositories specified
INFO: [IP_Flow 19-2313] Loaded Vivado IP repository 'C:/Xilinx/Vivado/2018.2/data/ip'.
update_compile_order -fileset sources_1
launch_simulation
INFO: [Vivado 12-5682] Launching behavioral simulation in 'F:/Vivado designs/seq_det_mealy/seq_det_mealy.sim/sim_1/behav/xsim'
INFO: [SIM-utils-51] Simulation object is 'sim_1'
INFO: [SIM-utils-54] Inspecting design source files for 'seq_det_mealy_tb' in fileset 'sim_1'...
INFO: [USF-XSim-97] Finding global include files...
INFO: [USF-XSim-98] Fetching design files from 'sim_1'...
INFO: [USF-XSim-2] XSim::Compile design
INFO: [USF-XSim-61] Executing 'COMPILE and ANALYZE' step in 'F:/Vivado designs/seq_det_mealy/seq_det_mealy.sim/sim_1/behav/xsim'
"xvlog --incr --relax -prj seq_det_mealy_tb_vlog.prj"
INFO: [VRFC 10-2263] Analyzing Verilog file "F:/Vivado designs/seq_det_mealy/seq_det_mealy.srcs/sources_1/new/seq_det_mealy.v" into library xil_defaultlib
INFO: [VRFC 10-311] analyzing module seq_det_mealy
INFO: [VRFC 10-2263] Analyzing Verilog file "F:/Vivado designs/seq_det_mealy/seq_det_mealy.srcs/sim_1/new/seq_det_mealy_tb.v" into library xil_defaultlib
INFO: [VRFC 10-311] analyzing module seq_det_moore_tb
INFO: [USF-XSim-69] 'compile' step finished in '1' seconds
INFO: [USF-XSim-3] XSim::Elaborate design
INFO: [USF-XSim-61] Executing 'ELABORATE' step in 'F:/Vivado designs/seq_det_mealy/seq_det_mealy.sim/sim_1/behav/xsim'
Vivado Simulator 2018.2
Copyright 1986-1999, 2001-2018 Xilinx, Inc. All Rights Reserved.
Running: C:/Xilinx/Vivado/2018.2/bin/unwrapped/win64.o/xelab.exe -wto 56c56e6938584581a8c6d2534ee6315c --incr --debug typical --relax --mt 2 -L xil_defaultlib -L unisims_ver -L unimacro_ver -L secureip --snapshot seq_det_mealy_tb_behav xil_defaultlib.seq_det_mealy_tb xil_defaultlib.glbl -log elaborate.log 
Using 2 slave threads.
Starting static elaboration
Completed static elaboration
Starting simulation data flow analysis
Completed simulation data flow analysis
Time Resolution for simulation is 1ps
Compiling module xil_defaultlib.seq_det_mealy
Compiling module xil_defaultlib.seq_det_mealy_tb
Compiling module xil_defaultlib.glbl
Built simulation snapshot seq_det_mealy_tb_behav

****** Webtalk v2018.2 (64-bit)
  **** SW Build 2258646 on Thu Jun 14 20:03:12 MDT 2018
  **** IP Build 2256618 on Thu Jun 14 22:10:49 MDT 2018
    ** Copyright 1986-2018 Xilinx, Inc. All Rights Reserved.

source F:/Vivado -notrace
couldn't read file "F:/Vivado": permission denied
INFO: [Common 17-206] Exiting Webtalk at Fri Nov  4 09:34:36 2022...
INFO: [USF-XSim-69] 'elaborate' step finished in '2' seconds
INFO: [USF-XSim-4] XSim::Simulate design
INFO: [USF-XSim-61] Executing 'SIMULATE' step in 'F:/Vivado designs/seq_det_mealy/seq_det_mealy.sim/sim_1/behav/xsim'
INFO: [USF-XSim-98] *** Running xsim
   with args "seq_det_mealy_tb_behav -key {Behavioral:sim_1:Functional:seq_det_mealy_tb} -tclbatch {seq_det_mealy_tb.tcl} -log {simulate.log}"
INFO: [USF-XSim-8] Loading simulator feature
Vivado Simulator 2018.2
Time resolution is 1 ps
source seq_det_mealy_tb.tcl
# set curr_wave [current_wave_config]
# if { [string length $curr_wave] == 0 } {
#   if { [llength [get_objects]] > 0} {
#     add_wave /
#     set_property needs_save false [current_wave_config]
#   } else {
#      send_msg_id Add_Wave-1 WARNING "No top level signals found. Simulator will start without a wave window. If you want to open a wave window go to 'File->New Waveform Configuration' or type 'create_wave_config' in the TCL console."
#   }
# }
# run 1000ns
INFO: [USF-XSim-96] XSim completed. Design snapshot 'seq_det_mealy_tb_behav' loaded.
INFO: [USF-XSim-97] XSim simulation ran for 1000ns
launch_simulation: Time (s): cpu = 00:00:03 ; elapsed = 00:00:07 . Memory (MB): peak = 914.957 ; gain = 24.059
close_sim
INFO: [Simtcl 6-16] Simulation closed
exit
INFO: [Common 17-206] Exiting Vivado at Fri Nov  4 09:57:30 2022...
