#-----------------------------------------------------------
# Vivado v2018.2 (64-bit)
# SW Build 2258646 on Thu Jun 14 20:03:12 MDT 2018
# IP Build 2256618 on Thu Jun 14 22:10:49 MDT 2018
# Start of session at: Thu Oct 20 10:19:37 2022
# Process ID: 6264
# Current directory: F:/Vivado designs/Full_Subtractor_Sampad
# Command line: vivado.exe -gui_launcher_event rodinguilauncherevent9668 F:\Vivado designs\Full_Subtractor_Sampad\Full_Subtractor_Sampad.xpr
# Log file: F:/Vivado designs/Full_Subtractor_Sampad/vivado.log
# Journal file: F:/Vivado designs/Full_Subtractor_Sampad\vivado.jou
#-----------------------------------------------------------
start_gui
open_project {F:/Vivado designs/Full_Subtractor_Sampad/Full_Subtractor_Sampad.xpr}
Scanning sources...
Finished scanning sources
INFO: [IP_Flow 19-234] Refreshing IP repositories
INFO: [IP_Flow 19-1704] No user IP repositories specified
INFO: [IP_Flow 19-2313] Loaded Vivado IP repository 'C:/Xilinx/Vivado/2018.2/data/ip'.
open_project: Time (s): cpu = 00:00:20 ; elapsed = 00:00:18 . Memory (MB): peak = 815.965 ; gain = 102.996
update_compile_order -fileset sources_1
exit
INFO: [Common 17-206] Exiting Vivado at Thu Oct 20 10:27:20 2022...
