#-----------------------------------------------------------
# Vivado v2018.2 (64-bit)
# SW Build 2258646 on Thu Jun 14 20:03:12 MDT 2018
# IP Build 2256618 on Thu Jun 14 22:10:49 MDT 2018
# Start of session at: Wed Nov 30 11:28:28 2022
# Process ID: 7932
# Current directory: F:/Vivado designs/traffic_light_control
# Command line: vivado.exe -gui_launcher_event rodinguilauncherevent18828 F:\Vivado designs\traffic_light_control\traffic_light_control.xpr
# Log file: F:/Vivado designs/traffic_light_control/vivado.log
# Journal file: F:/Vivado designs/traffic_light_control\vivado.jou
#-----------------------------------------------------------
start_gui
open_project {F:/Vivado designs/traffic_light_control/traffic_light_control.xpr}
Scanning sources...
Finished scanning sources
INFO: [IP_Flow 19-234] Refreshing IP repositories
INFO: [IP_Flow 19-1704] No user IP repositories specified
INFO: [IP_Flow 19-2313] Loaded Vivado IP repository 'C:/Xilinx/Vivado/2018.2/data/ip'.
update_compile_order -fileset sources_1
launch_simulation
INFO: [Vivado 12-5682] Launching behavioral simulation in 'F:/Vivado designs/traffic_light_control/traffic_light_control.sim/sim_1/behav/xsim'
INFO: [SIM-utils-51] Simulation object is 'sim_1'
INFO: [SIM-utils-54] Inspecting design source files for 'traffic_light_tb' in fileset 'sim_1'...
INFO: [USF-XSim-97] Finding global include files...
INFO: [USF-XSim-98] Fetching design files from 'sim_1'...
INFO: [USF-XSim-2] XSim::Compile design
INFO: [USF-XSim-61] Executing 'COMPILE and ANALYZE' step in 'F:/Vivado designs/traffic_light_control/traffic_light_control.sim/sim_1/behav/xsim'
"xvlog --incr --relax -prj traffic_light_tb_vlog.prj"
INFO: [VRFC 10-2263] Analyzing Verilog file "F:/Vivado designs/traffic_light_control/traffic_light_control.srcs/sources_1/new/traffic_light.v" into library xil_defaultlib
INFO: [VRFC 10-311] analyzing module traffic_light
INFO: [VRFC 10-2263] Analyzing Verilog file "F:/Vivado designs/traffic_light_control/traffic_light_control.srcs/sim_1/new/traffic_light_tb.v" into library xil_defaultlib
INFO: [VRFC 10-311] analyzing module traffic_light_tb
INFO: [USF-XSim-69] 'compile' step finished in '1' seconds
INFO: [USF-XSim-3] XSim::Elaborate design
INFO: [USF-XSim-61] Executing 'ELABORATE' step in 'F:/Vivado designs/traffic_light_control/traffic_light_control.sim/sim_1/behav/xsim'
Vivado Simulator 2018.2
Copyright 1986-1999, 2001-2018 Xilinx, Inc. All Rights Reserved.
Running: C:/Xilinx/Vivado/2018.2/bin/unwrapped/win64.o/xelab.exe -wto e45e9142fbfd475ab6c6be06c9c5acf0 --incr --debug typical --relax --mt 2 -L xil_defaultlib -L unisims_ver -L unimacro_ver -L secureip --snapshot traffic_light_tb_behav xil_defaultlib.traffic_light_tb xil_defaultlib.glbl -log elaborate.log 
Using 2 slave threads.
Starting static elaboration
Completed static elaboration
Starting simulation data flow analysis
Completed simulation data flow analysis
Time Resolution for simulation is 1ps
Compiling module xil_defaultlib.traffic_light
Compiling module xil_defaultlib.traffic_light_tb
Compiling module xil_defaultlib.glbl
Built simulation snapshot traffic_light_tb_behav

****** Webtalk v2018.2 (64-bit)
  **** SW Build 2258646 on Thu Jun 14 20:03:12 MDT 2018
  **** IP Build 2256618 on Thu Jun 14 22:10:49 MDT 2018
    ** Copyright 1986-2018 Xilinx, Inc. All Rights Reserved.

source F:/Vivado -notrace
couldn't read file "F:/Vivado": permission denied
INFO: [Common 17-206] Exiting Webtalk at Wed Nov 30 11:29:37 2022...
INFO: [USF-XSim-69] 'elaborate' step finished in '3' seconds
INFO: [USF-XSim-4] XSim::Simulate design
INFO: [USF-XSim-61] Executing 'SIMULATE' step in 'F:/Vivado designs/traffic_light_control/traffic_light_control.sim/sim_1/behav/xsim'
INFO: [USF-XSim-98] *** Running xsim
   with args "traffic_light_tb_behav -key {Behavioral:sim_1:Functional:traffic_light_tb} -tclbatch {traffic_light_tb.tcl} -view {{F:/Vivado designs/traffic_light_control/traffic_light_tb_behav.wcfg}} -log {simulate.log}"
INFO: [USF-XSim-8] Loading simulator feature
Vivado Simulator 2018.2
Time resolution is 1 ps
open_wave_config {F:/Vivado designs/traffic_light_control/traffic_light_tb_behav.wcfg}
WARNING: Simulation object /traffic_light_tb/count was not found in the design.
source traffic_light_tb.tcl
# set curr_wave [current_wave_config]
# if { [string length $curr_wave] == 0 } {
#   if { [llength [get_objects]] > 0} {
#     add_wave /
#     set_property needs_save false [current_wave_config]
#   } else {
#      send_msg_id Add_Wave-1 WARNING "No top level signals found. Simulator will start without a wave window. If you want to open a wave window go to 'File->New Waveform Configuration' or type 'create_wave_config' in the TCL console."
#   }
# }
# run 1000ns
INFO: [USF-XSim-96] XSim completed. Design snapshot 'traffic_light_tb_behav' loaded.
INFO: [USF-XSim-97] XSim simulation ran for 1000ns
launch_simulation: Time (s): cpu = 00:00:02 ; elapsed = 00:00:06 . Memory (MB): peak = 862.258 ; gain = 23.871
close_sim
INFO: [Simtcl 6-16] Simulation closed
exit
INFO: [Common 17-206] Exiting Vivado at Wed Nov 30 12:21:01 2022...
