#-----------------------------------------------------------
# Vivado v2018.2 (64-bit)
# SW Build 2258646 on Thu Jun 14 20:03:12 MDT 2018
# IP Build 2256618 on Thu Jun 14 22:10:49 MDT 2018
# Start of session at: Wed Oct 26 21:01:26 2022
# Process ID: 8636
# Current directory: F:/Vivado designs/D_FlipFlop_Sampad
# Command line: vivado.exe -gui_launcher_event rodinguilauncherevent9932 F:\Vivado designs\D_FlipFlop_Sampad\D_FlipFlop_Sampad.xpr
# Log file: F:/Vivado designs/D_FlipFlop_Sampad/vivado.log
# Journal file: F:/Vivado designs/D_FlipFlop_Sampad\vivado.jou
#-----------------------------------------------------------
start_gui
open_project {F:/Vivado designs/D_FlipFlop_Sampad/D_FlipFlop_Sampad.xpr}
Scanning sources...
Finished scanning sources
INFO: [IP_Flow 19-234] Refreshing IP repositories
INFO: [IP_Flow 19-1704] No user IP repositories specified
INFO: [IP_Flow 19-2313] Loaded Vivado IP repository 'C:/Xilinx/Vivado/2018.2/data/ip'.
open_project: Time (s): cpu = 00:00:09 ; elapsed = 00:00:10 . Memory (MB): peak = 854.812 ; gain = 111.492
update_compile_order -fileset sources_1
exit
INFO: [Common 17-206] Exiting Vivado at Wed Oct 26 21:08:38 2022...
