#-----------------------------------------------------------
# Vivado v2018.2 (64-bit)
# SW Build 2258646 on Thu Jun 14 20:03:12 MDT 2018
# IP Build 2256618 on Thu Jun 14 22:10:49 MDT 2018
# Start of session at: Fri Oct 28 10:48:11 2022
# Process ID: 19324
# Current directory: F:/Vivado designs/up_down_counter
# Command line: vivado.exe -gui_launcher_event rodinguilauncherevent10768 F:\Vivado designs\up_down_counter\up_down_counter.xpr
# Log file: F:/Vivado designs/up_down_counter/vivado.log
# Journal file: F:/Vivado designs/up_down_counter\vivado.jou
#-----------------------------------------------------------
start_gui
open_project {F:/Vivado designs/up_down_counter/up_down_counter.xpr}
Scanning sources...
Finished scanning sources
INFO: [IP_Flow 19-234] Refreshing IP repositories
INFO: [IP_Flow 19-1704] No user IP repositories specified
INFO: [IP_Flow 19-2313] Loaded Vivado IP repository 'C:/Xilinx/Vivado/2018.2/data/ip'.
open_project: Time (s): cpu = 00:00:05 ; elapsed = 00:00:05 . Memory (MB): peak = 924.426 ; gain = 199.434
update_compile_order -fileset sources_1
exit
INFO: [Common 17-206] Exiting Vivado at Fri Oct 28 12:16:05 2022...
