#-----------------------------------------------------------
# Vivado v2018.2 (64-bit)
# SW Build 2258646 on Thu Jun 14 20:03:12 MDT 2018
# IP Build 2256618 on Thu Jun 14 22:10:49 MDT 2018
# Start of session at: Thu Nov 24 18:09:38 2022
# Process ID: 1104
# Current directory: F:/Vivado designs/vending_machin_fsm
# Command line: vivado.exe -gui_launcher_event rodinguilauncherevent9032 F:\Vivado designs\vending_machin_fsm\vending_machin_fsm.xpr
# Log file: F:/Vivado designs/vending_machin_fsm/vivado.log
# Journal file: F:/Vivado designs/vending_machin_fsm\vivado.jou
#-----------------------------------------------------------
start_gui
open_project {F:/Vivado designs/vending_machin_fsm/vending_machin_fsm.xpr}
Scanning sources...
Finished scanning sources
INFO: [IP_Flow 19-234] Refreshing IP repositories
INFO: [IP_Flow 19-1704] No user IP repositories specified
INFO: [IP_Flow 19-2313] Loaded Vivado IP repository 'C:/Xilinx/Vivado/2018.2/data/ip'.
open_project: Time (s): cpu = 00:00:09 ; elapsed = 00:00:11 . Memory (MB): peak = 855.355 ; gain = 120.547
update_compile_order -fileset sources_1
exit
INFO: [Common 17-206] Exiting Vivado at Thu Nov 24 18:18:21 2022...
