#-----------------------------------------------------------
# Vivado v2018.2 (64-bit)
# SW Build 2258646 on Thu Jun 14 20:03:12 MDT 2018
# IP Build 2256618 on Thu Jun 14 22:10:49 MDT 2018
# Start of session at: Sun Nov  6 00:00:56 2022
# Process ID: 17764
# Current directory: F:/Vivado designs/vending_machin_fsm
# Command line: vivado.exe -gui_launcher_event rodinguilauncherevent7200 F:\Vivado designs\vending_machin_fsm\vending_machin_fsm.xpr
# Log file: F:/Vivado designs/vending_machin_fsm/vivado.log
# Journal file: F:/Vivado designs/vending_machin_fsm\vivado.jou
#-----------------------------------------------------------
start_gui
open_project {F:/Vivado designs/vending_machin_fsm/vending_machin_fsm.xpr}
Scanning sources...
Finished scanning sources
INFO: [IP_Flow 19-234] Refreshing IP repositories
INFO: [IP_Flow 19-1704] No user IP repositories specified
INFO: [IP_Flow 19-2313] Loaded Vivado IP repository 'C:/Xilinx/Vivado/2018.2/data/ip'.
open_project: Time (s): cpu = 00:00:04 ; elapsed = 00:00:06 . Memory (MB): peak = 850.176 ; gain = 115.941
update_compile_order -fileset sources_1
exit
INFO: [Common 17-206] Exiting Vivado at Sun Nov  6 00:02:16 2022...
