#-----------------------------------------------------------
# Vivado v2018.2 (64-bit)
# SW Build 2258646 on Thu Jun 14 20:03:12 MDT 2018
# IP Build 2256618 on Thu Jun 14 22:10:49 MDT 2018
# Start of session at: Mon Oct 10 18:25:32 2022
# Process ID: 2348
# Current directory: F:/Vivado designs/SR_FlipFlop_Sampad
# Command line: vivado.exe -gui_launcher_event rodinguilauncherevent5396 F:\Vivado designs\SR_FlipFlop_Sampad\SR_FlipFlop_Sampad.xpr
# Log file: F:/Vivado designs/SR_FlipFlop_Sampad/vivado.log
# Journal file: F:/Vivado designs/SR_FlipFlop_Sampad\vivado.jou
#-----------------------------------------------------------
start_gui
open_project {F:/Vivado designs/SR_FlipFlop_Sampad/SR_FlipFlop_Sampad.xpr}
Scanning sources...
Finished scanning sources
INFO: [IP_Flow 19-234] Refreshing IP repositories
INFO: [IP_Flow 19-1704] No user IP repositories specified
INFO: [IP_Flow 19-2313] Loaded Vivado IP repository 'C:/Xilinx/Vivado/2018.2/data/ip'.
open_project: Time (s): cpu = 00:00:07 ; elapsed = 00:00:09 . Memory (MB): peak = 862.945 ; gain = 126.844
update_compile_order -fileset sources_1
exit
INFO: [Common 17-206] Exiting Vivado at Mon Oct 10 18:26:18 2022...
