#-----------------------------------------------------------
# Vivado v2018.2 (64-bit)
# SW Build 2258646 on Thu Jun 14 20:03:12 MDT 2018
# IP Build 2256618 on Thu Jun 14 22:10:49 MDT 2018
# Start of session at: Thu Oct 20 10:19:09 2022
# Process ID: 12952
# Current directory: F:/Vivado designs/encoder_4x2
# Command line: vivado.exe -gui_launcher_event rodinguilauncherevent17784 F:\Vivado designs\encoder_4x2\encoder_4x2.xpr
# Log file: F:/Vivado designs/encoder_4x2/vivado.log
# Journal file: F:/Vivado designs/encoder_4x2\vivado.jou
#-----------------------------------------------------------
start_gui
open_project {F:/Vivado designs/encoder_4x2/encoder_4x2.xpr}
Scanning sources...
Finished scanning sources
INFO: [IP_Flow 19-234] Refreshing IP repositories
INFO: [IP_Flow 19-1704] No user IP repositories specified
INFO: [IP_Flow 19-2313] Loaded Vivado IP repository 'C:/Xilinx/Vivado/2018.2/data/ip'.
open_project: Time (s): cpu = 00:00:19 ; elapsed = 00:00:16 . Memory (MB): peak = 868.680 ; gain = 128.219
update_compile_order -fileset sources_1
exit
INFO: [Common 17-206] Exiting Vivado at Thu Oct 20 10:29:56 2022...
