#-----------------------------------------------------------
# Vivado v2018.2 (64-bit)
# SW Build 2258646 on Thu Jun 14 20:03:12 MDT 2018
# IP Build 2256618 on Thu Jun 14 22:10:49 MDT 2018
# Start of session at: Mon Oct 10 17:49:43 2022
# Process ID: 18264
# Current directory: F:/Vivado designs/Multiplexer2to1
# Command line: vivado.exe -gui_launcher_event rodinguilauncherevent8624 F:\Vivado designs\Multiplexer2to1\Multiplexer2to1.xpr
# Log file: F:/Vivado designs/Multiplexer2to1/vivado.log
# Journal file: F:/Vivado designs/Multiplexer2to1\vivado.jou
#-----------------------------------------------------------
start_gui
open_project {F:/Vivado designs/Multiplexer2to1/Multiplexer2to1.xpr}
Scanning sources...
Finished scanning sources
INFO: [IP_Flow 19-234] Refreshing IP repositories
INFO: [IP_Flow 19-1704] No user IP repositories specified
INFO: [IP_Flow 19-2313] Loaded Vivado IP repository 'C:/Xilinx/Vivado/2018.2/data/ip'.
update_compile_order -fileset sources_1
exit
INFO: [Common 17-206] Exiting Vivado at Mon Oct 10 18:03:28 2022...
